E:\工作\CLUSTER\CLUSTER\RELEASE\ADJUST_TOOL.OBJ
E:\工作\CLUSTER\CLUSTER\RELEASE\BASINHOPPING.OBJ
E:\工作\Cluster\Cluster\Release\cl.command.1.tlog
E:\工作\Cluster\Cluster\Release\CL.read.1.tlog
E:\工作\Cluster\Cluster\Release\CL.write.1.tlog
E:\工作\CLUSTER\CLUSTER\RELEASE\CLUSTER.OBJ
E:\工作\Cluster\Cluster\Release\Cluster.write.1.tlog
E:\工作\CLUSTER\CLUSTER\RELEASE\DE.OBJ
E:\工作\CLUSTER\CLUSTER\RELEASE\DE_MANAGE.OBJ
E:\工作\CLUSTER\CLUSTER\RELEASE\ELITE_POOL.OBJ
E:\工作\CLUSTER\CLUSTER\RELEASE\GA.OBJ
E:\工作\Cluster\Cluster\Release\link.command.1.tlog
E:\工作\Cluster\Cluster\Release\link.read.1.tlog
E:\工作\Cluster\Cluster\Release\link.write.1.tlog
E:\工作\CLUSTER\CLUSTER\RELEASE\LIST.OBJ
E:\工作\CLUSTER\CLUSTER\RELEASE\LOCALTOOL.OBJ
E:\工作\CLUSTER\CLUSTER\RELEASE\MAIN.OBJ
E:\工作\CLUSTER\CLUSTER\RELEASE\NELBFGS.OBJ
E:\工作\CLUSTER\CLUSTER\RELEASE\PE_TOOL.OBJ
E:\工作\CLUSTER\CLUSTER\RELEASE\TOOL.OBJ
E:\工作\CLUSTER\CLUSTER\RELEASE\VC100.PDB
