C:\DOCUMENTS AND SETTINGS\ADMINISTRATOR\桌面\BASINHOPPING_DOUCLUSTER38-60\DEBUG\CLUSTER_DEBUG.LIB
C:\DOCUMENTS AND SETTINGS\ADMINISTRATOR\桌面\BASINHOPPING_DOUCLUSTER38-60\LIB\DEBUG\LBFGS.OBJ
C:\DOCUMENTS AND SETTINGS\ADMINISTRATOR\桌面\BASINHOPPING_DOUCLUSTER38-60\LIB\DEBUG\VC100.PDB
C:\DOCUMENTS AND SETTINGS\ADMINISTRATOR\桌面\程序\CLUSTER20150816\DEBUG\CLUSTER_DEBUG.LIB
C:\DOCUMENTS AND SETTINGS\ADMINISTRATOR\桌面\程序\CLUSTER20150816\LIB\DEBUG\LBFGS.OBJ
C:\DOCUMENTS AND SETTINGS\ADMINISTRATOR\桌面\程序\CLUSTER20150816\LIB\DEBUG\VC100.PDB
D:\PRINTF-LOCAL10ALL\DEBUG\CLUSTER_DEBUG.LIB
D:\PRINTF-LOCAL10ALL\LIB\DEBUG\LBFGS.OBJ
D:\PRINTF-LOCAL10ALL\LIB\DEBUG\VC100.PDB
D:\PRINTF-LOCAL12ALL\DEBUG\CLUSTER_DEBUG.LIB
D:\PRINTF-LOCAL12ALL\LIB\DEBUG\LBFGS.OBJ
D:\PRINTF-LOCAL12ALL\LIB\DEBUG\VC100.PDB
D:\PRINTF-LOCAL6ALL\DEBUG\CLUSTER_DEBUG.LIB
D:\PRINTF-LOCAL6ALL\LIB\DEBUG\LBFGS.OBJ
D:\PRINTF-LOCAL6ALL\LIB\DEBUG\VC100.PDB
D:\PRINTF-LOCAL8ALL\DEBUG\CLUSTER_DEBUG.LIB
D:\PRINTF-LOCAL8ALL\LIB\DEBUG\LBFGS.OBJ
D:\PRINTF-LOCAL8ALL\LIB\DEBUG\VC100.PDB
E:\BASINHOPPING程序\BASINHOPPING_DOUCLUSTER\DEBUG\CLUSTER_DEBUG.LIB
E:\BASINHOPPING程序\BASINHOPPING_DOUCLUSTER\LIB\DEBUG\LBFGS.OBJ
E:\BASINHOPPING程序\BASINHOPPING_DOUCLUSTER\LIB\DEBUG\VC100.PDB
E:\BASINHOPPING程序\BASINHOPPING_DOUCLUSTER0.2\DEBUG\CLUSTER_DEBUG.LIB
E:\BASINHOPPING程序\BASINHOPPING_DOUCLUSTER0.2\LIB\DEBUG\LBFGS.OBJ
E:\BASINHOPPING程序\BASINHOPPING_DOUCLUSTER0.2\LIB\DEBUG\VC100.PDB
E:\BASINHOPPING程序\BASINHOPPING_DOUCLUSTER0.5\DEBUG\CLUSTER_DEBUG.LIB
E:\BASINHOPPING程序\BASINHOPPING_DOUCLUSTER0.5\LIB\DEBUG\LBFGS.OBJ
E:\BASINHOPPING程序\BASINHOPPING_DOUCLUSTER0.5\LIB\DEBUG\VC100.PDB
E:\BASINHOPPING程序\BASINHOPPING_DOUCLUSTER0.51\DEBUG\CLUSTER_DEBUG.LIB
E:\BASINHOPPING程序\BASINHOPPING_DOUCLUSTER0.51\LIB\DEBUG\LBFGS.OBJ
E:\BASINHOPPING程序\BASINHOPPING_DOUCLUSTER0.51\LIB\DEBUG\VC100.PDB
E:\BASINHOPPING程序\BASINHOPPING_DOUCLUSTER0.8\DEBUG\CLUSTER_DEBUG.LIB
E:\BASINHOPPING程序\BASINHOPPING_DOUCLUSTER0.8\LIB\DEBUG\LBFGS.OBJ
E:\BASINHOPPING程序\BASINHOPPING_DOUCLUSTER0.8\LIB\DEBUG\VC100.PDB
E:\BASINHOPPING程序\BASINHOPPING_DOUCLUSTER1\DEBUG\CLUSTER_DEBUG.LIB
E:\BASINHOPPING程序\BASINHOPPING_DOUCLUSTER1\LIB\DEBUG\LBFGS.OBJ
E:\BASINHOPPING程序\BASINHOPPING_DOUCLUSTER1\LIB\DEBUG\VC100.PDB
E:\BASINHOPPING程序\BASINHOPPING_DOUCLUSTER24_13-17\DEBUG\CLUSTER_DEBUG.LIB
E:\BASINHOPPING程序\BASINHOPPING_DOUCLUSTER24_13-17\LIB\DEBUG\LBFGS.OBJ
E:\BASINHOPPING程序\BASINHOPPING_DOUCLUSTER24_13-17\LIB\DEBUG\VC100.PDB
E:\BASINHOPPING程序\BASINHOPPING_DOUCLUSTER24_17\DEBUG\CLUSTER_DEBUG.LIB
E:\BASINHOPPING程序\BASINHOPPING_DOUCLUSTER24_17\LIB\DEBUG\LBFGS.OBJ
E:\BASINHOPPING程序\BASINHOPPING_DOUCLUSTER24_17\LIB\DEBUG\VC100.PDB
E:\BASINHOPPING程序\BASINHOPPING_DOUCLUSTER31-44\DEBUG\CLUSTER_DEBUG.LIB
E:\BASINHOPPING程序\BASINHOPPING_DOUCLUSTER31-44\LIB\DEBUG\LBFGS.OBJ
E:\BASINHOPPING程序\BASINHOPPING_DOUCLUSTER31-44\LIB\DEBUG\VC100.PDB
E:\BASINHOPPING程序\BASINHOPPING_DOUCLUSTER38-60\DEBUG\CLUSTER_DEBUG.LIB
E:\BASINHOPPING程序\BASINHOPPING_DOUCLUSTER38-60\LIB\DEBUG\LBFGS.OBJ
E:\BASINHOPPING程序\BASINHOPPING_DOUCLUSTER38-60\LIB\DEBUG\VC100.PDB
E:\BASINHOPPING程序\BHMC双合金改进实验\DEBUG\CLUSTER_DEBUG.LIB
E:\basinhopping程序\BHMC双合金改进实验\lib\Debug\cl.command.1.tlog
E:\basinhopping程序\BHMC双合金改进实验\lib\Debug\CL.read.1.tlog
E:\basinhopping程序\BHMC双合金改进实验\lib\Debug\CL.write.1.tlog
E:\BASINHOPPING程序\BHMC双合金改进实验\LIB\DEBUG\LBFGS.OBJ
E:\basinhopping程序\BHMC双合金改进实验\lib\Debug\lib.command.1.tlog
E:\basinhopping程序\BHMC双合金改进实验\lib\Debug\lib.write.1.tlog
E:\basinhopping程序\BHMC双合金改进实验\lib\Debug\Lib-link.read.1.tlog
E:\basinhopping程序\BHMC双合金改进实验\lib\Debug\Lib-link.write.1.tlog
E:\basinhopping程序\BHMC双合金改进实验\lib\Debug\vc100.idb
E:\BASINHOPPING程序\BHMC双合金改进实验\LIB\DEBUG\VC100.PDB
E:\工作\CLUSTER\DEBUG\CLUSTER_DEBUG.LIB
E:\工作\CLUSTER\LIB\DEBUG\LBFGS.OBJ
E:\工作\CLUSTER\LIB\DEBUG\VC100.PDB
E:\研二\已改程序\CLUSTER20150816\DEBUG\CLUSTER_DEBUG.LIB
E:\研二\已改程序\CLUSTER20150816\LIB\DEBUG\LBFGS.OBJ
E:\研二\已改程序\CLUSTER20150816\LIB\DEBUG\VC100.PDB
E:\研二\已改程序\PRINTF-LOCAL\DEBUG\CLUSTER_DEBUG.LIB
E:\研二\已改程序\PRINTF-LOCAL\LIB\DEBUG\LBFGS.OBJ
E:\研二\已改程序\PRINTF-LOCAL\LIB\DEBUG\VC100.PDB
E:\研二\已改程序\PRINTF-LOCAL111\DEBUG\CLUSTER_DEBUG.LIB
E:\研二\已改程序\PRINTF-LOCAL111\LIB\DEBUG\LBFGS.OBJ
E:\研二\已改程序\PRINTF-LOCAL111\LIB\DEBUG\VC100.PDB
E:\研二\已改程序\PRINTF-LOCAL22\DEBUG\CLUSTER_DEBUG.LIB
E:\研二\已改程序\PRINTF-LOCAL22\LIB\DEBUG\LBFGS.OBJ
E:\研二\已改程序\PRINTF-LOCAL22\LIB\DEBUG\VC100.PDB
E:\研二\已改程序\PRINTF-LOCAL222\DEBUG\CLUSTER_DEBUG.LIB
E:\研二\已改程序\PRINTF-LOCAL222\LIB\DEBUG\LBFGS.OBJ
E:\研二\已改程序\PRINTF-LOCAL222\LIB\DEBUG\VC100.PDB
E:\研二\已改程序\PRINTF-LOCAL2ALL\DEBUG\CLUSTER_DEBUG.LIB
E:\研二\已改程序\PRINTF-LOCAL2ALL\LIB\DEBUG\LBFGS.OBJ
E:\研二\已改程序\PRINTF-LOCAL2ALL\LIB\DEBUG\VC100.PDB
E:\研二\已改程序\PRINTF-LOCAL3ALL\DEBUG\CLUSTER_DEBUG.LIB
E:\研二\已改程序\PRINTF-LOCAL3ALL\LIB\DEBUG\LBFGS.OBJ
E:\研二\已改程序\PRINTF-LOCAL3ALL\LIB\DEBUG\VC100.PDB
E:\研二\已改程序\PRINTF-LOCAL4ALL\DEBUG\CLUSTER_DEBUG.LIB
E:\研二\已改程序\PRINTF-LOCAL4ALL\LIB\DEBUG\LBFGS.OBJ
E:\研二\已改程序\PRINTF-LOCAL4ALL\LIB\DEBUG\VC100.PDB
E:\研二\已改程序\PRINTF-LOCAL5ALL\DEBUG\CLUSTER_DEBUG.LIB
E:\研二\已改程序\PRINTF-LOCAL5ALL\LIB\DEBUG\LBFGS.OBJ
E:\研二\已改程序\PRINTF-LOCAL5ALL\LIB\DEBUG\VC100.PDB
E:\研二\已改程序\SPHERECUTCLUSTER3\DEBUG\CLUSTER_DEBUG.LIB
E:\研二\已改程序\SPHERECUTCLUSTER3\LIB\DEBUG\LBFGS.OBJ
E:\研二\已改程序\SPHERECUTCLUSTER3\LIB\DEBUG\VC100.PDB
E:\研二\已改程序\SPHERECUT-PRINTF\DEBUG\CLUSTER_DEBUG.LIB
E:\研二\已改程序\SPHERECUT-PRINTF\LIB\DEBUG\LBFGS.OBJ
E:\研二\已改程序\SPHERECUT-PRINTF\LIB\DEBUG\VC100.PDB
E:\研二\已改程序\已改CLUSTER2\DEBUG\CLUSTER_DEBUG.LIB
E:\研二\已改程序\已改CLUSTER2\LIB\DEBUG\LBFGS.OBJ
E:\研二\已改程序\已改CLUSTER2\LIB\DEBUG\VC100.PDB
E:\研二\已改程序\已改CLUSTER3\DEBUG\CLUSTER_DEBUG.LIB
E:\研二\已改程序\已改CLUSTER3\LIB\DEBUG\LBFGS.OBJ
E:\研二\已改程序\已改CLUSTER3\LIB\DEBUG\VC100.PDB
