C:\DOCUMENTS AND SETTINGS\ADMINISTRATOR\桌面\BASINHOPPING_DOUCLUSTER38-60\CLUSTER\DEBUG\BASINHOPPING.OBJ
C:\DOCUMENTS AND SETTINGS\ADMINISTRATOR\桌面\BASINHOPPING_DOUCLUSTER38-60\CLUSTER\DEBUG\BH_MANAGE.OBJ
C:\DOCUMENTS AND SETTINGS\ADMINISTRATOR\桌面\BASINHOPPING_DOUCLUSTER38-60\CLUSTER\DEBUG\CLUSTER.EXE.INTERMEDIATE.MANIFEST
C:\DOCUMENTS AND SETTINGS\ADMINISTRATOR\桌面\BASINHOPPING_DOUCLUSTER38-60\CLUSTER\DEBUG\LIST.OBJ
C:\DOCUMENTS AND SETTINGS\ADMINISTRATOR\桌面\BASINHOPPING_DOUCLUSTER38-60\CLUSTER\DEBUG\LOCALTOOL.OBJ
C:\DOCUMENTS AND SETTINGS\ADMINISTRATOR\桌面\BASINHOPPING_DOUCLUSTER38-60\CLUSTER\DEBUG\MAIN.OBJ
C:\DOCUMENTS AND SETTINGS\ADMINISTRATOR\桌面\BASINHOPPING_DOUCLUSTER38-60\CLUSTER\DEBUG\NELBFGS.OBJ
C:\DOCUMENTS AND SETTINGS\ADMINISTRATOR\桌面\BASINHOPPING_DOUCLUSTER38-60\CLUSTER\DEBUG\PE_TOOL.OBJ
C:\DOCUMENTS AND SETTINGS\ADMINISTRATOR\桌面\BASINHOPPING_DOUCLUSTER38-60\CLUSTER\DEBUG\TOOL.OBJ
C:\DOCUMENTS AND SETTINGS\ADMINISTRATOR\桌面\BASINHOPPING_DOUCLUSTER38-60\CLUSTER\DEBUG\VC100.PDB
C:\DOCUMENTS AND SETTINGS\ADMINISTRATOR\桌面\BASINHOPPING_DOUCLUSTER38-60\DEBUG\CLUSTER.EXE
C:\DOCUMENTS AND SETTINGS\ADMINISTRATOR\桌面\BASINHOPPING_DOUCLUSTER38-60\DEBUG\CLUSTER.ILK
C:\DOCUMENTS AND SETTINGS\ADMINISTRATOR\桌面\BASINHOPPING_DOUCLUSTER38-60\DEBUG\CLUSTER.PDB
C:\DOCUMENTS AND SETTINGS\ADMINISTRATOR\桌面\程序\CLUSTER20150816\CLUSTER\DEBUG\ADJUST_TOOL.OBJ
C:\DOCUMENTS AND SETTINGS\ADMINISTRATOR\桌面\程序\CLUSTER20150816\CLUSTER\DEBUG\BASINHOPPING.OBJ
C:\DOCUMENTS AND SETTINGS\ADMINISTRATOR\桌面\程序\CLUSTER20150816\CLUSTER\DEBUG\CLUSTER.EXE.INTERMEDIATE.MANIFEST
C:\DOCUMENTS AND SETTINGS\ADMINISTRATOR\桌面\程序\CLUSTER20150816\CLUSTER\DEBUG\CLUSTER.OBJ
C:\DOCUMENTS AND SETTINGS\ADMINISTRATOR\桌面\程序\CLUSTER20150816\CLUSTER\DEBUG\DE.OBJ
C:\DOCUMENTS AND SETTINGS\ADMINISTRATOR\桌面\程序\CLUSTER20150816\CLUSTER\DEBUG\DE_MANAGE.OBJ
C:\DOCUMENTS AND SETTINGS\ADMINISTRATOR\桌面\程序\CLUSTER20150816\CLUSTER\DEBUG\DM.OBJ
C:\DOCUMENTS AND SETTINGS\ADMINISTRATOR\桌面\程序\CLUSTER20150816\CLUSTER\DEBUG\ELITE_POOL.OBJ
C:\DOCUMENTS AND SETTINGS\ADMINISTRATOR\桌面\程序\CLUSTER20150816\CLUSTER\DEBUG\GA.OBJ
C:\DOCUMENTS AND SETTINGS\ADMINISTRATOR\桌面\程序\CLUSTER20150816\CLUSTER\DEBUG\LIST.OBJ
C:\DOCUMENTS AND SETTINGS\ADMINISTRATOR\桌面\程序\CLUSTER20150816\CLUSTER\DEBUG\LOCALOPTIMATION.OBJ
C:\DOCUMENTS AND SETTINGS\ADMINISTRATOR\桌面\程序\CLUSTER20150816\CLUSTER\DEBUG\LOCALTOOL.OBJ
C:\DOCUMENTS AND SETTINGS\ADMINISTRATOR\桌面\程序\CLUSTER20150816\CLUSTER\DEBUG\MAIN.OBJ
C:\DOCUMENTS AND SETTINGS\ADMINISTRATOR\桌面\程序\CLUSTER20150816\CLUSTER\DEBUG\NELBFGS.OBJ
C:\DOCUMENTS AND SETTINGS\ADMINISTRATOR\桌面\程序\CLUSTER20150816\CLUSTER\DEBUG\PE_TOOL.OBJ
C:\DOCUMENTS AND SETTINGS\ADMINISTRATOR\桌面\程序\CLUSTER20150816\CLUSTER\DEBUG\TOOL.OBJ
C:\DOCUMENTS AND SETTINGS\ADMINISTRATOR\桌面\程序\CLUSTER20150816\CLUSTER\DEBUG\VC100.PDB
C:\DOCUMENTS AND SETTINGS\ADMINISTRATOR\桌面\程序\CLUSTER20150816\DEBUG\CLUSTER.EXE
C:\DOCUMENTS AND SETTINGS\ADMINISTRATOR\桌面\程序\CLUSTER20150816\DEBUG\CLUSTER.ILK
C:\DOCUMENTS AND SETTINGS\ADMINISTRATOR\桌面\程序\CLUSTER20150816\DEBUG\CLUSTER.PDB
D:\PRINTF-LOCAL10ALL\CLUSTER\DEBUG\BASINHOPPING.OBJ
D:\PRINTF-LOCAL10ALL\CLUSTER\DEBUG\BH_MANAGE.OBJ
D:\PRINTF-LOCAL10ALL\CLUSTER\DEBUG\CLUSTER.EXE.INTERMEDIATE.MANIFEST
D:\PRINTF-LOCAL10ALL\CLUSTER\DEBUG\LIST.OBJ
D:\PRINTF-LOCAL10ALL\CLUSTER\DEBUG\LOCALTOOL.OBJ
D:\PRINTF-LOCAL10ALL\CLUSTER\DEBUG\MAIN.OBJ
D:\PRINTF-LOCAL10ALL\CLUSTER\DEBUG\NELBFGS.OBJ
D:\PRINTF-LOCAL10ALL\CLUSTER\DEBUG\PE_TOOL.OBJ
D:\PRINTF-LOCAL10ALL\CLUSTER\DEBUG\TOOL.OBJ
D:\PRINTF-LOCAL10ALL\CLUSTER\DEBUG\VC100.PDB
D:\PRINTF-LOCAL10ALL\DEBUG\CLUSTER.EXE
D:\PRINTF-LOCAL10ALL\DEBUG\CLUSTER.ILK
D:\PRINTF-LOCAL10ALL\DEBUG\CLUSTER.PDB
D:\PRINTF-LOCAL12ALL\CLUSTER\DEBUG\BASINHOPPING.OBJ
D:\PRINTF-LOCAL12ALL\CLUSTER\DEBUG\BH_MANAGE.OBJ
D:\PRINTF-LOCAL12ALL\CLUSTER\DEBUG\CLUSTER.EXE.INTERMEDIATE.MANIFEST
D:\PRINTF-LOCAL12ALL\CLUSTER\DEBUG\LIST.OBJ
D:\PRINTF-LOCAL12ALL\CLUSTER\DEBUG\LOCALTOOL.OBJ
D:\PRINTF-LOCAL12ALL\CLUSTER\DEBUG\MAIN.OBJ
D:\PRINTF-LOCAL12ALL\CLUSTER\DEBUG\NELBFGS.OBJ
D:\PRINTF-LOCAL12ALL\CLUSTER\DEBUG\PE_TOOL.OBJ
D:\PRINTF-LOCAL12ALL\CLUSTER\DEBUG\TOOL.OBJ
D:\PRINTF-LOCAL12ALL\CLUSTER\DEBUG\VC100.PDB
D:\PRINTF-LOCAL12ALL\DEBUG\CLUSTER.EXE
D:\PRINTF-LOCAL12ALL\DEBUG\CLUSTER.ILK
D:\PRINTF-LOCAL12ALL\DEBUG\CLUSTER.PDB
D:\PRINTF-LOCAL6ALL\CLUSTER\DEBUG\BASINHOPPING.OBJ
D:\PRINTF-LOCAL6ALL\CLUSTER\DEBUG\BH_MANAGE.OBJ
D:\PRINTF-LOCAL6ALL\CLUSTER\DEBUG\CLUSTER.EXE.INTERMEDIATE.MANIFEST
D:\PRINTF-LOCAL6ALL\CLUSTER\DEBUG\LIST.OBJ
D:\PRINTF-LOCAL6ALL\CLUSTER\DEBUG\LOCALTOOL.OBJ
D:\PRINTF-LOCAL6ALL\CLUSTER\DEBUG\MAIN.OBJ
D:\PRINTF-LOCAL6ALL\CLUSTER\DEBUG\NELBFGS.OBJ
D:\PRINTF-LOCAL6ALL\CLUSTER\DEBUG\PE_TOOL.OBJ
D:\PRINTF-LOCAL6ALL\CLUSTER\DEBUG\TOOL.OBJ
D:\PRINTF-LOCAL6ALL\CLUSTER\DEBUG\VC100.PDB
D:\PRINTF-LOCAL6ALL\DEBUG\CLUSTER.EXE
D:\PRINTF-LOCAL6ALL\DEBUG\CLUSTER.ILK
D:\PRINTF-LOCAL6ALL\DEBUG\CLUSTER.PDB
D:\PRINTF-LOCAL8ALL\CLUSTER\DEBUG\BASINHOPPING.OBJ
D:\PRINTF-LOCAL8ALL\CLUSTER\DEBUG\BH_MANAGE.OBJ
D:\PRINTF-LOCAL8ALL\CLUSTER\DEBUG\CLUSTER.EXE.INTERMEDIATE.MANIFEST
D:\PRINTF-LOCAL8ALL\CLUSTER\DEBUG\LIST.OBJ
D:\PRINTF-LOCAL8ALL\CLUSTER\DEBUG\LOCALTOOL.OBJ
D:\PRINTF-LOCAL8ALL\CLUSTER\DEBUG\MAIN.OBJ
D:\PRINTF-LOCAL8ALL\CLUSTER\DEBUG\NELBFGS.OBJ
D:\PRINTF-LOCAL8ALL\CLUSTER\DEBUG\PE_TOOL.OBJ
D:\PRINTF-LOCAL8ALL\CLUSTER\DEBUG\TOOL.OBJ
D:\PRINTF-LOCAL8ALL\CLUSTER\DEBUG\VC100.PDB
D:\PRINTF-LOCAL8ALL\DEBUG\CLUSTER.EXE
D:\PRINTF-LOCAL8ALL\DEBUG\CLUSTER.ILK
D:\PRINTF-LOCAL8ALL\DEBUG\CLUSTER.PDB
E:\BASINHOPPING程序\BASINHOPPING_DOUCLUSTER\CLUSTER\DEBUG\BASINHOPPING.OBJ
E:\BASINHOPPING程序\BASINHOPPING_DOUCLUSTER\CLUSTER\DEBUG\BH_MANAGE.OBJ
E:\BASINHOPPING程序\BASINHOPPING_DOUCLUSTER\CLUSTER\DEBUG\CLUSTER.EXE.INTERMEDIATE.MANIFEST
E:\BASINHOPPING程序\BASINHOPPING_DOUCLUSTER\CLUSTER\DEBUG\LIST.OBJ
E:\BASINHOPPING程序\BASINHOPPING_DOUCLUSTER\CLUSTER\DEBUG\LOCALTOOL.OBJ
E:\BASINHOPPING程序\BASINHOPPING_DOUCLUSTER\CLUSTER\DEBUG\MAIN.OBJ
E:\BASINHOPPING程序\BASINHOPPING_DOUCLUSTER\CLUSTER\DEBUG\NELBFGS.OBJ
E:\BASINHOPPING程序\BASINHOPPING_DOUCLUSTER\CLUSTER\DEBUG\PE_TOOL.OBJ
E:\BASINHOPPING程序\BASINHOPPING_DOUCLUSTER\CLUSTER\DEBUG\TOOL.OBJ
E:\BASINHOPPING程序\BASINHOPPING_DOUCLUSTER\CLUSTER\DEBUG\VC100.PDB
E:\BASINHOPPING程序\BASINHOPPING_DOUCLUSTER\DEBUG\CLUSTER.EXE
E:\BASINHOPPING程序\BASINHOPPING_DOUCLUSTER\DEBUG\CLUSTER.ILK
E:\BASINHOPPING程序\BASINHOPPING_DOUCLUSTER\DEBUG\CLUSTER.PDB
E:\BASINHOPPING程序\BASINHOPPING_DOUCLUSTER0.2\CLUSTER\DEBUG\BASINHOPPING.OBJ
E:\BASINHOPPING程序\BASINHOPPING_DOUCLUSTER0.2\CLUSTER\DEBUG\BH_MANAGE.OBJ
E:\BASINHOPPING程序\BASINHOPPING_DOUCLUSTER0.2\CLUSTER\DEBUG\CLUSTER.EXE.INTERMEDIATE.MANIFEST
E:\BASINHOPPING程序\BASINHOPPING_DOUCLUSTER0.2\CLUSTER\DEBUG\GENETICTOOL.OBJ
E:\BASINHOPPING程序\BASINHOPPING_DOUCLUSTER0.2\CLUSTER\DEBUG\LIST.OBJ
E:\BASINHOPPING程序\BASINHOPPING_DOUCLUSTER0.2\CLUSTER\DEBUG\LOCALTOOL.OBJ
E:\BASINHOPPING程序\BASINHOPPING_DOUCLUSTER0.2\CLUSTER\DEBUG\MAIN.OBJ
E:\BASINHOPPING程序\BASINHOPPING_DOUCLUSTER0.2\CLUSTER\DEBUG\NELBFGS.OBJ
E:\BASINHOPPING程序\BASINHOPPING_DOUCLUSTER0.2\CLUSTER\DEBUG\PE_TOOL.OBJ
E:\BASINHOPPING程序\BASINHOPPING_DOUCLUSTER0.2\CLUSTER\DEBUG\TOOL.OBJ
E:\BASINHOPPING程序\BASINHOPPING_DOUCLUSTER0.2\CLUSTER\DEBUG\VC100.PDB
E:\BASINHOPPING程序\BASINHOPPING_DOUCLUSTER0.2\DEBUG\CLUSTER.EXE
E:\BASINHOPPING程序\BASINHOPPING_DOUCLUSTER0.2\DEBUG\CLUSTER.ILK
E:\BASINHOPPING程序\BASINHOPPING_DOUCLUSTER0.2\DEBUG\CLUSTER.PDB
E:\BASINHOPPING程序\BASINHOPPING_DOUCLUSTER0.5\CLUSTER\DEBUG\BASINHOPPING.OBJ
E:\BASINHOPPING程序\BASINHOPPING_DOUCLUSTER0.5\CLUSTER\DEBUG\BH_MANAGE.OBJ
E:\BASINHOPPING程序\BASINHOPPING_DOUCLUSTER0.5\CLUSTER\DEBUG\CLUSTER.EXE.INTERMEDIATE.MANIFEST
E:\BASINHOPPING程序\BASINHOPPING_DOUCLUSTER0.5\CLUSTER\DEBUG\GENETICTOOL.OBJ
E:\BASINHOPPING程序\BASINHOPPING_DOUCLUSTER0.5\CLUSTER\DEBUG\LIST.OBJ
E:\BASINHOPPING程序\BASINHOPPING_DOUCLUSTER0.5\CLUSTER\DEBUG\LOCALTOOL.OBJ
E:\BASINHOPPING程序\BASINHOPPING_DOUCLUSTER0.5\CLUSTER\DEBUG\MAIN.OBJ
E:\BASINHOPPING程序\BASINHOPPING_DOUCLUSTER0.5\CLUSTER\DEBUG\NELBFGS.OBJ
E:\BASINHOPPING程序\BASINHOPPING_DOUCLUSTER0.5\CLUSTER\DEBUG\PE_TOOL.OBJ
E:\BASINHOPPING程序\BASINHOPPING_DOUCLUSTER0.5\CLUSTER\DEBUG\TOOL.OBJ
E:\BASINHOPPING程序\BASINHOPPING_DOUCLUSTER0.5\CLUSTER\DEBUG\VC100.PDB
E:\BASINHOPPING程序\BASINHOPPING_DOUCLUSTER0.5\DEBUG\CLUSTER.EXE
E:\BASINHOPPING程序\BASINHOPPING_DOUCLUSTER0.5\DEBUG\CLUSTER.ILK
E:\BASINHOPPING程序\BASINHOPPING_DOUCLUSTER0.5\DEBUG\CLUSTER.PDB
E:\BASINHOPPING程序\BASINHOPPING_DOUCLUSTER0.51\CLUSTER\DEBUG\BASINHOPPING.OBJ
E:\BASINHOPPING程序\BASINHOPPING_DOUCLUSTER0.51\CLUSTER\DEBUG\BH_MANAGE.OBJ
E:\BASINHOPPING程序\BASINHOPPING_DOUCLUSTER0.51\CLUSTER\DEBUG\CLUSTER.EXE.INTERMEDIATE.MANIFEST
E:\BASINHOPPING程序\BASINHOPPING_DOUCLUSTER0.51\CLUSTER\DEBUG\GATOOL.OBJ
E:\BASINHOPPING程序\BASINHOPPING_DOUCLUSTER0.51\CLUSTER\DEBUG\GENETICTOOL.OBJ
E:\BASINHOPPING程序\BASINHOPPING_DOUCLUSTER0.51\CLUSTER\DEBUG\LIST.OBJ
E:\BASINHOPPING程序\BASINHOPPING_DOUCLUSTER0.51\CLUSTER\DEBUG\LOCALTOOL.OBJ
E:\BASINHOPPING程序\BASINHOPPING_DOUCLUSTER0.51\CLUSTER\DEBUG\MAIN.OBJ
E:\BASINHOPPING程序\BASINHOPPING_DOUCLUSTER0.51\CLUSTER\DEBUG\NELBFGS.OBJ
E:\BASINHOPPING程序\BASINHOPPING_DOUCLUSTER0.51\CLUSTER\DEBUG\PE_TOOL.OBJ
E:\BASINHOPPING程序\BASINHOPPING_DOUCLUSTER0.51\CLUSTER\DEBUG\TOOL.OBJ
E:\BASINHOPPING程序\BASINHOPPING_DOUCLUSTER0.51\CLUSTER\DEBUG\VC100.PDB
E:\BASINHOPPING程序\BASINHOPPING_DOUCLUSTER0.51\DEBUG\CLUSTER.EXE
E:\BASINHOPPING程序\BASINHOPPING_DOUCLUSTER0.51\DEBUG\CLUSTER.ILK
E:\BASINHOPPING程序\BASINHOPPING_DOUCLUSTER0.51\DEBUG\CLUSTER.PDB
E:\BASINHOPPING程序\BASINHOPPING_DOUCLUSTER0.8\CLUSTER\DEBUG\BASINHOPPING.OBJ
E:\BASINHOPPING程序\BASINHOPPING_DOUCLUSTER0.8\CLUSTER\DEBUG\BH_MANAGE.OBJ
E:\BASINHOPPING程序\BASINHOPPING_DOUCLUSTER0.8\CLUSTER\DEBUG\CLUSTER.EXE.INTERMEDIATE.MANIFEST
E:\BASINHOPPING程序\BASINHOPPING_DOUCLUSTER0.8\CLUSTER\DEBUG\GENETICTOOL.OBJ
E:\BASINHOPPING程序\BASINHOPPING_DOUCLUSTER0.8\CLUSTER\DEBUG\LIST.OBJ
E:\BASINHOPPING程序\BASINHOPPING_DOUCLUSTER0.8\CLUSTER\DEBUG\LOCALTOOL.OBJ
E:\BASINHOPPING程序\BASINHOPPING_DOUCLUSTER0.8\CLUSTER\DEBUG\MAIN.OBJ
E:\BASINHOPPING程序\BASINHOPPING_DOUCLUSTER0.8\CLUSTER\DEBUG\NELBFGS.OBJ
E:\BASINHOPPING程序\BASINHOPPING_DOUCLUSTER0.8\CLUSTER\DEBUG\PE_TOOL.OBJ
E:\BASINHOPPING程序\BASINHOPPING_DOUCLUSTER0.8\CLUSTER\DEBUG\TOOL.OBJ
E:\BASINHOPPING程序\BASINHOPPING_DOUCLUSTER0.8\CLUSTER\DEBUG\VC100.PDB
E:\BASINHOPPING程序\BASINHOPPING_DOUCLUSTER0.8\DEBUG\CLUSTER.EXE
E:\BASINHOPPING程序\BASINHOPPING_DOUCLUSTER0.8\DEBUG\CLUSTER.ILK
E:\BASINHOPPING程序\BASINHOPPING_DOUCLUSTER0.8\DEBUG\CLUSTER.PDB
E:\BASINHOPPING程序\BASINHOPPING_DOUCLUSTER1\CLUSTER\DEBUG\BASINHOPPING.OBJ
E:\BASINHOPPING程序\BASINHOPPING_DOUCLUSTER1\CLUSTER\DEBUG\BH_MANAGE.OBJ
E:\BASINHOPPING程序\BASINHOPPING_DOUCLUSTER1\CLUSTER\DEBUG\CLUSTER.EXE.INTERMEDIATE.MANIFEST
E:\BASINHOPPING程序\BASINHOPPING_DOUCLUSTER1\CLUSTER\DEBUG\LIST.OBJ
E:\BASINHOPPING程序\BASINHOPPING_DOUCLUSTER1\CLUSTER\DEBUG\LOCALTOOL.OBJ
E:\BASINHOPPING程序\BASINHOPPING_DOUCLUSTER1\CLUSTER\DEBUG\MAIN.OBJ
E:\BASINHOPPING程序\BASINHOPPING_DOUCLUSTER1\CLUSTER\DEBUG\NELBFGS.OBJ
E:\BASINHOPPING程序\BASINHOPPING_DOUCLUSTER1\CLUSTER\DEBUG\PE_TOOL.OBJ
E:\BASINHOPPING程序\BASINHOPPING_DOUCLUSTER1\CLUSTER\DEBUG\TOOL.OBJ
E:\BASINHOPPING程序\BASINHOPPING_DOUCLUSTER1\CLUSTER\DEBUG\VC100.PDB
E:\BASINHOPPING程序\BASINHOPPING_DOUCLUSTER1\DEBUG\CLUSTER.EXE
E:\BASINHOPPING程序\BASINHOPPING_DOUCLUSTER1\DEBUG\CLUSTER.ILK
E:\BASINHOPPING程序\BASINHOPPING_DOUCLUSTER1\DEBUG\CLUSTER.PDB
E:\BASINHOPPING程序\BASINHOPPING_DOUCLUSTER24_13-17\CLUSTER\DEBUG\BASINHOPPING.OBJ
E:\BASINHOPPING程序\BASINHOPPING_DOUCLUSTER24_13-17\CLUSTER\DEBUG\BH_MANAGE.OBJ
E:\BASINHOPPING程序\BASINHOPPING_DOUCLUSTER24_13-17\CLUSTER\DEBUG\CLUSTER.EXE.INTERMEDIATE.MANIFEST
E:\BASINHOPPING程序\BASINHOPPING_DOUCLUSTER24_13-17\CLUSTER\DEBUG\GENETICTOOL.OBJ
E:\BASINHOPPING程序\BASINHOPPING_DOUCLUSTER24_13-17\CLUSTER\DEBUG\LIST.OBJ
E:\BASINHOPPING程序\BASINHOPPING_DOUCLUSTER24_13-17\CLUSTER\DEBUG\LOCALTOOL.OBJ
E:\BASINHOPPING程序\BASINHOPPING_DOUCLUSTER24_13-17\CLUSTER\DEBUG\MAIN.OBJ
E:\BASINHOPPING程序\BASINHOPPING_DOUCLUSTER24_13-17\CLUSTER\DEBUG\NELBFGS.OBJ
E:\BASINHOPPING程序\BASINHOPPING_DOUCLUSTER24_13-17\CLUSTER\DEBUG\PE_TOOL.OBJ
E:\BASINHOPPING程序\BASINHOPPING_DOUCLUSTER24_13-17\CLUSTER\DEBUG\TOOL.OBJ
E:\BASINHOPPING程序\BASINHOPPING_DOUCLUSTER24_13-17\CLUSTER\DEBUG\VC100.PDB
E:\BASINHOPPING程序\BASINHOPPING_DOUCLUSTER24_13-17\DEBUG\CLUSTER.EXE
E:\BASINHOPPING程序\BASINHOPPING_DOUCLUSTER24_13-17\DEBUG\CLUSTER.ILK
E:\BASINHOPPING程序\BASINHOPPING_DOUCLUSTER24_13-17\DEBUG\CLUSTER.PDB
E:\BASINHOPPING程序\BASINHOPPING_DOUCLUSTER24_17\CLUSTER\DEBUG\BASINHOPPING.OBJ
E:\BASINHOPPING程序\BASINHOPPING_DOUCLUSTER24_17\CLUSTER\DEBUG\BH_MANAGE.OBJ
E:\BASINHOPPING程序\BASINHOPPING_DOUCLUSTER24_17\CLUSTER\DEBUG\CLUSTER.EXE.INTERMEDIATE.MANIFEST
E:\BASINHOPPING程序\BASINHOPPING_DOUCLUSTER24_17\CLUSTER\DEBUG\GENETICTOOL.OBJ
E:\BASINHOPPING程序\BASINHOPPING_DOUCLUSTER24_17\CLUSTER\DEBUG\LIST.OBJ
E:\BASINHOPPING程序\BASINHOPPING_DOUCLUSTER24_17\CLUSTER\DEBUG\LOCALTOOL.OBJ
E:\BASINHOPPING程序\BASINHOPPING_DOUCLUSTER24_17\CLUSTER\DEBUG\MAIN.OBJ
E:\BASINHOPPING程序\BASINHOPPING_DOUCLUSTER24_17\CLUSTER\DEBUG\NELBFGS.OBJ
E:\BASINHOPPING程序\BASINHOPPING_DOUCLUSTER24_17\CLUSTER\DEBUG\PE_TOOL.OBJ
E:\BASINHOPPING程序\BASINHOPPING_DOUCLUSTER24_17\CLUSTER\DEBUG\TOOL.OBJ
E:\BASINHOPPING程序\BASINHOPPING_DOUCLUSTER24_17\CLUSTER\DEBUG\VC100.PDB
E:\BASINHOPPING程序\BASINHOPPING_DOUCLUSTER24_17\DEBUG\CLUSTER.EXE
E:\BASINHOPPING程序\BASINHOPPING_DOUCLUSTER24_17\DEBUG\CLUSTER.ILK
E:\BASINHOPPING程序\BASINHOPPING_DOUCLUSTER24_17\DEBUG\CLUSTER.PDB
E:\BASINHOPPING程序\BASINHOPPING_DOUCLUSTER31-44\CLUSTER\DEBUG\BASINHOPPING.OBJ
E:\BASINHOPPING程序\BASINHOPPING_DOUCLUSTER31-44\CLUSTER\DEBUG\BH_MANAGE.OBJ
E:\BASINHOPPING程序\BASINHOPPING_DOUCLUSTER31-44\CLUSTER\DEBUG\CLUSTER.EXE.INTERMEDIATE.MANIFEST
E:\BASINHOPPING程序\BASINHOPPING_DOUCLUSTER31-44\CLUSTER\DEBUG\GENETICTOOL.OBJ
E:\BASINHOPPING程序\BASINHOPPING_DOUCLUSTER31-44\CLUSTER\DEBUG\LIST.OBJ
E:\BASINHOPPING程序\BASINHOPPING_DOUCLUSTER31-44\CLUSTER\DEBUG\LOCALTOOL.OBJ
E:\BASINHOPPING程序\BASINHOPPING_DOUCLUSTER31-44\CLUSTER\DEBUG\MAIN.OBJ
E:\BASINHOPPING程序\BASINHOPPING_DOUCLUSTER31-44\CLUSTER\DEBUG\NELBFGS.OBJ
E:\BASINHOPPING程序\BASINHOPPING_DOUCLUSTER31-44\CLUSTER\DEBUG\PE_TOOL.OBJ
E:\BASINHOPPING程序\BASINHOPPING_DOUCLUSTER31-44\CLUSTER\DEBUG\TOOL.OBJ
E:\BASINHOPPING程序\BASINHOPPING_DOUCLUSTER31-44\CLUSTER\DEBUG\VC100.PDB
E:\BASINHOPPING程序\BASINHOPPING_DOUCLUSTER31-44\DEBUG\CLUSTER.EXE
E:\BASINHOPPING程序\BASINHOPPING_DOUCLUSTER31-44\DEBUG\CLUSTER.ILK
E:\BASINHOPPING程序\BASINHOPPING_DOUCLUSTER31-44\DEBUG\CLUSTER.PDB
E:\BASINHOPPING程序\BASINHOPPING_DOUCLUSTER38-60\CLUSTER\DEBUG\BASINHOPPING.OBJ
E:\BASINHOPPING程序\BASINHOPPING_DOUCLUSTER38-60\CLUSTER\DEBUG\BH_MANAGE.OBJ
E:\BASINHOPPING程序\BASINHOPPING_DOUCLUSTER38-60\CLUSTER\DEBUG\CLUSTER.EXE.INTERMEDIATE.MANIFEST
E:\BASINHOPPING程序\BASINHOPPING_DOUCLUSTER38-60\CLUSTER\DEBUG\GENETICTOOL.OBJ
E:\BASINHOPPING程序\BASINHOPPING_DOUCLUSTER38-60\CLUSTER\DEBUG\LIST.OBJ
E:\BASINHOPPING程序\BASINHOPPING_DOUCLUSTER38-60\CLUSTER\DEBUG\LOCALTOOL.OBJ
E:\BASINHOPPING程序\BASINHOPPING_DOUCLUSTER38-60\CLUSTER\DEBUG\MAIN.OBJ
E:\BASINHOPPING程序\BASINHOPPING_DOUCLUSTER38-60\CLUSTER\DEBUG\NELBFGS.OBJ
E:\BASINHOPPING程序\BASINHOPPING_DOUCLUSTER38-60\CLUSTER\DEBUG\PE_TOOL.OBJ
E:\BASINHOPPING程序\BASINHOPPING_DOUCLUSTER38-60\CLUSTER\DEBUG\TOOL.OBJ
E:\BASINHOPPING程序\BASINHOPPING_DOUCLUSTER38-60\CLUSTER\DEBUG\VC100.PDB
E:\BASINHOPPING程序\BASINHOPPING_DOUCLUSTER38-60\DEBUG\CLUSTER.EXE
E:\BASINHOPPING程序\BASINHOPPING_DOUCLUSTER38-60\DEBUG\CLUSTER.ILK
E:\BASINHOPPING程序\BASINHOPPING_DOUCLUSTER38-60\DEBUG\CLUSTER.PDB
E:\basinhopping程序\BHMC双合金改进实验\Cluster\Debug\Adjust_Tool.obj
E:\BASINHOPPING程序\BHMC双合金改进实验\CLUSTER\DEBUG\BASINHOPPING.OBJ
E:\BASINHOPPING程序\BHMC双合金改进实验\CLUSTER\DEBUG\BH_MANAGE.OBJ
E:\basinhopping程序\BHMC双合金改进实验\Cluster\Debug\cl.command.1.tlog
E:\basinhopping程序\BHMC双合金改进实验\Cluster\Debug\CL.read.1.tlog
E:\basinhopping程序\BHMC双合金改进实验\Cluster\Debug\CL.write.1.tlog
E:\BASINHOPPING程序\BHMC双合金改进实验\CLUSTER\DEBUG\CLUSTER.EXE.INTERMEDIATE.MANIFEST
E:\basinhopping程序\BHMC双合金改进实验\Cluster\Debug\Cluster.obj
E:\basinhopping程序\BHMC双合金改进实验\Cluster\Debug\Cluster.write.1.tlog
E:\basinhopping程序\BHMC双合金改进实验\Cluster\Debug\DE.obj
E:\basinhopping程序\BHMC双合金改进实验\Cluster\Debug\DE_Manage.obj
E:\basinhopping程序\BHMC双合金改进实验\Cluster\Debug\dm.obj
E:\basinhopping程序\BHMC双合金改进实验\Cluster\Debug\Elite_Pool.obj
E:\basinhopping程序\BHMC双合金改进实验\Cluster\Debug\GA.obj
E:\basinhopping程序\BHMC双合金改进实验\Cluster\Debug\GATool.obj
E:\BASINHOPPING程序\BHMC双合金改进实验\CLUSTER\DEBUG\GENETICTOOL.OBJ
E:\basinhopping程序\BHMC双合金改进实验\Cluster\Debug\link.command.1.tlog
E:\basinhopping程序\BHMC双合金改进实验\Cluster\Debug\link.read.1.tlog
E:\basinhopping程序\BHMC双合金改进实验\Cluster\Debug\link.write.1.tlog
E:\BASINHOPPING程序\BHMC双合金改进实验\CLUSTER\DEBUG\LIST.OBJ
E:\basinhopping程序\BHMC双合金改进实验\Cluster\Debug\localoptimation.obj
E:\BASINHOPPING程序\BHMC双合金改进实验\CLUSTER\DEBUG\LOCALTOOL.OBJ
E:\BASINHOPPING程序\BHMC双合金改进实验\CLUSTER\DEBUG\MAIN.OBJ
E:\basinhopping程序\BHMC双合金改进实验\Cluster\Debug\mt.command.1.tlog
E:\basinhopping程序\BHMC双合金改进实验\Cluster\Debug\mt.read.1.tlog
E:\basinhopping程序\BHMC双合金改进实验\Cluster\Debug\mt.write.1.tlog
E:\BASINHOPPING程序\BHMC双合金改进实验\CLUSTER\DEBUG\NELBFGS.OBJ
E:\BASINHOPPING程序\BHMC双合金改进实验\CLUSTER\DEBUG\PE_TOOL.OBJ
E:\basinhopping程序\BHMC双合金改进实验\Cluster\Debug\ResolveAssemblyReference.cache
E:\BASINHOPPING程序\BHMC双合金改进实验\CLUSTER\DEBUG\TOOL.OBJ
E:\basinhopping程序\BHMC双合金改进实验\Cluster\Debug\vc100.idb
E:\BASINHOPPING程序\BHMC双合金改进实验\CLUSTER\DEBUG\VC100.PDB
E:\BASINHOPPING程序\BHMC双合金改进实验\DEBUG\CLUSTER.EXE
E:\BASINHOPPING程序\BHMC双合金改进实验\DEBUG\CLUSTER.ILK
E:\BASINHOPPING程序\BHMC双合金改进实验\DEBUG\CLUSTER.PDB
E:\工作\CLUSTER\CLUSTER\DEBUG\ADJUST_TOOL.OBJ
E:\工作\CLUSTER\CLUSTER\DEBUG\BASINHOPPING.OBJ
E:\工作\CLUSTER\CLUSTER\DEBUG\CLUSTER.EXE.INTERMEDIATE.MANIFEST
E:\工作\CLUSTER\CLUSTER\DEBUG\CLUSTER.OBJ
E:\工作\CLUSTER\CLUSTER\DEBUG\DE.OBJ
E:\工作\CLUSTER\CLUSTER\DEBUG\DE_MANAGE.OBJ
E:\工作\CLUSTER\CLUSTER\DEBUG\ELITE_POOL.OBJ
E:\工作\CLUSTER\CLUSTER\DEBUG\GA.OBJ
E:\工作\CLUSTER\CLUSTER\DEBUG\LIST.OBJ
E:\工作\CLUSTER\CLUSTER\DEBUG\LOCALTOOL.OBJ
E:\工作\CLUSTER\CLUSTER\DEBUG\MAIN.OBJ
E:\工作\CLUSTER\CLUSTER\DEBUG\NELBFGS.OBJ
E:\工作\CLUSTER\CLUSTER\DEBUG\PE_TOOL.OBJ
E:\工作\CLUSTER\CLUSTER\DEBUG\TOOL.OBJ
E:\工作\CLUSTER\CLUSTER\DEBUG\VC100.PDB
E:\工作\CLUSTER\DEBUG\CLUSTER.EXE
E:\工作\CLUSTER\DEBUG\CLUSTER.ILK
E:\工作\CLUSTER\DEBUG\CLUSTER.PDB
E:\研二\已改程序\CLUSTER20150816\CLUSTER\DEBUG\BASINHOPPING.OBJ
E:\研二\已改程序\CLUSTER20150816\CLUSTER\DEBUG\BH_MANAGE.OBJ
E:\研二\已改程序\CLUSTER20150816\CLUSTER\DEBUG\CLUSTER.EXE.INTERMEDIATE.MANIFEST
E:\研二\已改程序\CLUSTER20150816\CLUSTER\DEBUG\LIST.OBJ
E:\研二\已改程序\CLUSTER20150816\CLUSTER\DEBUG\LOCALTOOL.OBJ
E:\研二\已改程序\CLUSTER20150816\CLUSTER\DEBUG\MAIN.OBJ
E:\研二\已改程序\CLUSTER20150816\CLUSTER\DEBUG\NELBFGS.OBJ
E:\研二\已改程序\CLUSTER20150816\CLUSTER\DEBUG\PE_TOOL.OBJ
E:\研二\已改程序\CLUSTER20150816\CLUSTER\DEBUG\TOOL.OBJ
E:\研二\已改程序\CLUSTER20150816\CLUSTER\DEBUG\VC100.PDB
E:\研二\已改程序\CLUSTER20150816\DEBUG\CLUSTER.EXE
E:\研二\已改程序\CLUSTER20150816\DEBUG\CLUSTER.ILK
E:\研二\已改程序\CLUSTER20150816\DEBUG\CLUSTER.PDB
E:\研二\已改程序\PRINTF-LOCAL\CLUSTER\DEBUG\BASINHOPPING.OBJ
E:\研二\已改程序\PRINTF-LOCAL\CLUSTER\DEBUG\BH_MANAGE.OBJ
E:\研二\已改程序\PRINTF-LOCAL\CLUSTER\DEBUG\CLUSTER.EXE.INTERMEDIATE.MANIFEST
E:\研二\已改程序\PRINTF-LOCAL\CLUSTER\DEBUG\LIST.OBJ
E:\研二\已改程序\PRINTF-LOCAL\CLUSTER\DEBUG\LOCALTOOL.OBJ
E:\研二\已改程序\PRINTF-LOCAL\CLUSTER\DEBUG\MAIN.OBJ
E:\研二\已改程序\PRINTF-LOCAL\CLUSTER\DEBUG\NELBFGS.OBJ
E:\研二\已改程序\PRINTF-LOCAL\CLUSTER\DEBUG\PE_TOOL.OBJ
E:\研二\已改程序\PRINTF-LOCAL\CLUSTER\DEBUG\TOOL.OBJ
E:\研二\已改程序\PRINTF-LOCAL\CLUSTER\DEBUG\VC100.PDB
E:\研二\已改程序\PRINTF-LOCAL\DEBUG\CLUSTER.EXE
E:\研二\已改程序\PRINTF-LOCAL\DEBUG\CLUSTER.ILK
E:\研二\已改程序\PRINTF-LOCAL\DEBUG\CLUSTER.PDB
E:\研二\已改程序\PRINTF-LOCAL111\CLUSTER\DEBUG\BASINHOPPING.OBJ
E:\研二\已改程序\PRINTF-LOCAL111\CLUSTER\DEBUG\BH_MANAGE.OBJ
E:\研二\已改程序\PRINTF-LOCAL111\CLUSTER\DEBUG\CLUSTER.EXE.INTERMEDIATE.MANIFEST
E:\研二\已改程序\PRINTF-LOCAL111\CLUSTER\DEBUG\LIST.OBJ
E:\研二\已改程序\PRINTF-LOCAL111\CLUSTER\DEBUG\LOCALTOOL.OBJ
E:\研二\已改程序\PRINTF-LOCAL111\CLUSTER\DEBUG\MAIN.OBJ
E:\研二\已改程序\PRINTF-LOCAL111\CLUSTER\DEBUG\NELBFGS.OBJ
E:\研二\已改程序\PRINTF-LOCAL111\CLUSTER\DEBUG\PE_TOOL.OBJ
E:\研二\已改程序\PRINTF-LOCAL111\CLUSTER\DEBUG\TOOL.OBJ
E:\研二\已改程序\PRINTF-LOCAL111\CLUSTER\DEBUG\VC100.PDB
E:\研二\已改程序\PRINTF-LOCAL111\DEBUG\CLUSTER.EXE
E:\研二\已改程序\PRINTF-LOCAL111\DEBUG\CLUSTER.ILK
E:\研二\已改程序\PRINTF-LOCAL111\DEBUG\CLUSTER.PDB
E:\研二\已改程序\PRINTF-LOCAL22\CLUSTER\DEBUG\BASINHOPPING.OBJ
E:\研二\已改程序\PRINTF-LOCAL22\CLUSTER\DEBUG\BH_MANAGE.OBJ
E:\研二\已改程序\PRINTF-LOCAL22\CLUSTER\DEBUG\CLUSTER.EXE.INTERMEDIATE.MANIFEST
E:\研二\已改程序\PRINTF-LOCAL22\CLUSTER\DEBUG\LIST.OBJ
E:\研二\已改程序\PRINTF-LOCAL22\CLUSTER\DEBUG\LOCALTOOL.OBJ
E:\研二\已改程序\PRINTF-LOCAL22\CLUSTER\DEBUG\MAIN.OBJ
E:\研二\已改程序\PRINTF-LOCAL22\CLUSTER\DEBUG\NELBFGS.OBJ
E:\研二\已改程序\PRINTF-LOCAL22\CLUSTER\DEBUG\PE_TOOL.OBJ
E:\研二\已改程序\PRINTF-LOCAL22\CLUSTER\DEBUG\TOOL.OBJ
E:\研二\已改程序\PRINTF-LOCAL22\CLUSTER\DEBUG\VC100.PDB
E:\研二\已改程序\PRINTF-LOCAL22\DEBUG\CLUSTER.EXE
E:\研二\已改程序\PRINTF-LOCAL22\DEBUG\CLUSTER.ILK
E:\研二\已改程序\PRINTF-LOCAL22\DEBUG\CLUSTER.PDB
E:\研二\已改程序\PRINTF-LOCAL222\CLUSTER\DEBUG\BASINHOPPING.OBJ
E:\研二\已改程序\PRINTF-LOCAL222\CLUSTER\DEBUG\BH_MANAGE.OBJ
E:\研二\已改程序\PRINTF-LOCAL222\CLUSTER\DEBUG\CLUSTER.EXE.INTERMEDIATE.MANIFEST
E:\研二\已改程序\PRINTF-LOCAL222\CLUSTER\DEBUG\LIST.OBJ
E:\研二\已改程序\PRINTF-LOCAL222\CLUSTER\DEBUG\LOCALTOOL.OBJ
E:\研二\已改程序\PRINTF-LOCAL222\CLUSTER\DEBUG\MAIN.OBJ
E:\研二\已改程序\PRINTF-LOCAL222\CLUSTER\DEBUG\NELBFGS.OBJ
E:\研二\已改程序\PRINTF-LOCAL222\CLUSTER\DEBUG\PE_TOOL.OBJ
E:\研二\已改程序\PRINTF-LOCAL222\CLUSTER\DEBUG\TOOL.OBJ
E:\研二\已改程序\PRINTF-LOCAL222\CLUSTER\DEBUG\VC100.PDB
E:\研二\已改程序\PRINTF-LOCAL222\DEBUG\CLUSTER.EXE
E:\研二\已改程序\PRINTF-LOCAL222\DEBUG\CLUSTER.ILK
E:\研二\已改程序\PRINTF-LOCAL222\DEBUG\CLUSTER.PDB
E:\研二\已改程序\PRINTF-LOCAL2ALL\CLUSTER\DEBUG\BASINHOPPING.OBJ
E:\研二\已改程序\PRINTF-LOCAL2ALL\CLUSTER\DEBUG\BH_MANAGE.OBJ
E:\研二\已改程序\PRINTF-LOCAL2ALL\CLUSTER\DEBUG\CLUSTER.EXE.INTERMEDIATE.MANIFEST
E:\研二\已改程序\PRINTF-LOCAL2ALL\CLUSTER\DEBUG\LIST.OBJ
E:\研二\已改程序\PRINTF-LOCAL2ALL\CLUSTER\DEBUG\LOCALTOOL.OBJ
E:\研二\已改程序\PRINTF-LOCAL2ALL\CLUSTER\DEBUG\MAIN.OBJ
E:\研二\已改程序\PRINTF-LOCAL2ALL\CLUSTER\DEBUG\NELBFGS.OBJ
E:\研二\已改程序\PRINTF-LOCAL2ALL\CLUSTER\DEBUG\PE_TOOL.OBJ
E:\研二\已改程序\PRINTF-LOCAL2ALL\CLUSTER\DEBUG\TOOL.OBJ
E:\研二\已改程序\PRINTF-LOCAL2ALL\CLUSTER\DEBUG\VC100.PDB
E:\研二\已改程序\PRINTF-LOCAL2ALL\DEBUG\CLUSTER.EXE
E:\研二\已改程序\PRINTF-LOCAL2ALL\DEBUG\CLUSTER.ILK
E:\研二\已改程序\PRINTF-LOCAL2ALL\DEBUG\CLUSTER.PDB
E:\研二\已改程序\PRINTF-LOCAL3ALL\CLUSTER\DEBUG\BASINHOPPING.OBJ
E:\研二\已改程序\PRINTF-LOCAL3ALL\CLUSTER\DEBUG\BH_MANAGE.OBJ
E:\研二\已改程序\PRINTF-LOCAL3ALL\CLUSTER\DEBUG\CLUSTER.EXE.INTERMEDIATE.MANIFEST
E:\研二\已改程序\PRINTF-LOCAL3ALL\CLUSTER\DEBUG\LIST.OBJ
E:\研二\已改程序\PRINTF-LOCAL3ALL\CLUSTER\DEBUG\LOCALTOOL.OBJ
E:\研二\已改程序\PRINTF-LOCAL3ALL\CLUSTER\DEBUG\MAIN.OBJ
E:\研二\已改程序\PRINTF-LOCAL3ALL\CLUSTER\DEBUG\NELBFGS.OBJ
E:\研二\已改程序\PRINTF-LOCAL3ALL\CLUSTER\DEBUG\PE_TOOL.OBJ
E:\研二\已改程序\PRINTF-LOCAL3ALL\CLUSTER\DEBUG\TOOL.OBJ
E:\研二\已改程序\PRINTF-LOCAL3ALL\CLUSTER\DEBUG\VC100.PDB
E:\研二\已改程序\PRINTF-LOCAL3ALL\DEBUG\CLUSTER.EXE
E:\研二\已改程序\PRINTF-LOCAL3ALL\DEBUG\CLUSTER.ILK
E:\研二\已改程序\PRINTF-LOCAL3ALL\DEBUG\CLUSTER.PDB
E:\研二\已改程序\PRINTF-LOCAL4ALL\CLUSTER\DEBUG\BASINHOPPING.OBJ
E:\研二\已改程序\PRINTF-LOCAL4ALL\CLUSTER\DEBUG\BH_MANAGE.OBJ
E:\研二\已改程序\PRINTF-LOCAL4ALL\CLUSTER\DEBUG\CLUSTER.EXE.INTERMEDIATE.MANIFEST
E:\研二\已改程序\PRINTF-LOCAL4ALL\CLUSTER\DEBUG\LIST.OBJ
E:\研二\已改程序\PRINTF-LOCAL4ALL\CLUSTER\DEBUG\LOCALTOOL.OBJ
E:\研二\已改程序\PRINTF-LOCAL4ALL\CLUSTER\DEBUG\MAIN.OBJ
E:\研二\已改程序\PRINTF-LOCAL4ALL\CLUSTER\DEBUG\NELBFGS.OBJ
E:\研二\已改程序\PRINTF-LOCAL4ALL\CLUSTER\DEBUG\PE_TOOL.OBJ
E:\研二\已改程序\PRINTF-LOCAL4ALL\CLUSTER\DEBUG\TOOL.OBJ
E:\研二\已改程序\PRINTF-LOCAL4ALL\CLUSTER\DEBUG\VC100.PDB
E:\研二\已改程序\PRINTF-LOCAL4ALL\DEBUG\CLUSTER.EXE
E:\研二\已改程序\PRINTF-LOCAL4ALL\DEBUG\CLUSTER.ILK
E:\研二\已改程序\PRINTF-LOCAL4ALL\DEBUG\CLUSTER.PDB
E:\研二\已改程序\PRINTF-LOCAL5ALL\CLUSTER\DEBUG\BASINHOPPING.OBJ
E:\研二\已改程序\PRINTF-LOCAL5ALL\CLUSTER\DEBUG\BH_MANAGE.OBJ
E:\研二\已改程序\PRINTF-LOCAL5ALL\CLUSTER\DEBUG\CLUSTER.EXE.INTERMEDIATE.MANIFEST
E:\研二\已改程序\PRINTF-LOCAL5ALL\CLUSTER\DEBUG\LIST.OBJ
E:\研二\已改程序\PRINTF-LOCAL5ALL\CLUSTER\DEBUG\LOCALTOOL.OBJ
E:\研二\已改程序\PRINTF-LOCAL5ALL\CLUSTER\DEBUG\MAIN.OBJ
E:\研二\已改程序\PRINTF-LOCAL5ALL\CLUSTER\DEBUG\NELBFGS.OBJ
E:\研二\已改程序\PRINTF-LOCAL5ALL\CLUSTER\DEBUG\PE_TOOL.OBJ
E:\研二\已改程序\PRINTF-LOCAL5ALL\CLUSTER\DEBUG\TOOL.OBJ
E:\研二\已改程序\PRINTF-LOCAL5ALL\CLUSTER\DEBUG\VC100.PDB
E:\研二\已改程序\PRINTF-LOCAL5ALL\DEBUG\CLUSTER.EXE
E:\研二\已改程序\PRINTF-LOCAL5ALL\DEBUG\CLUSTER.ILK
E:\研二\已改程序\PRINTF-LOCAL5ALL\DEBUG\CLUSTER.PDB
E:\研二\已改程序\SPHERECUTCLUSTER3\CLUSTER\DEBUG\BASINHOPPING.OBJ
E:\研二\已改程序\SPHERECUTCLUSTER3\CLUSTER\DEBUG\BH_MANAGE.OBJ
E:\研二\已改程序\SPHERECUTCLUSTER3\CLUSTER\DEBUG\CLUSTER.EXE.INTERMEDIATE.MANIFEST
E:\研二\已改程序\SPHERECUTCLUSTER3\CLUSTER\DEBUG\LIST.OBJ
E:\研二\已改程序\SPHERECUTCLUSTER3\CLUSTER\DEBUG\LOCALTOOL.OBJ
E:\研二\已改程序\SPHERECUTCLUSTER3\CLUSTER\DEBUG\MAIN.OBJ
E:\研二\已改程序\SPHERECUTCLUSTER3\CLUSTER\DEBUG\NELBFGS.OBJ
E:\研二\已改程序\SPHERECUTCLUSTER3\CLUSTER\DEBUG\PE_TOOL.OBJ
E:\研二\已改程序\SPHERECUTCLUSTER3\CLUSTER\DEBUG\TOOL.OBJ
E:\研二\已改程序\SPHERECUTCLUSTER3\CLUSTER\DEBUG\VC100.PDB
E:\研二\已改程序\SPHERECUTCLUSTER3\DEBUG\CLUSTER.EXE
E:\研二\已改程序\SPHERECUTCLUSTER3\DEBUG\CLUSTER.ILK
E:\研二\已改程序\SPHERECUTCLUSTER3\DEBUG\CLUSTER.PDB
E:\研二\已改程序\SPHERECUT-PRINTF\CLUSTER\DEBUG\BASINHOPPING.OBJ
E:\研二\已改程序\SPHERECUT-PRINTF\CLUSTER\DEBUG\BH_MANAGE.OBJ
E:\研二\已改程序\SPHERECUT-PRINTF\CLUSTER\DEBUG\CLUSTER.EXE.INTERMEDIATE.MANIFEST
E:\研二\已改程序\SPHERECUT-PRINTF\CLUSTER\DEBUG\LIST.OBJ
E:\研二\已改程序\SPHERECUT-PRINTF\CLUSTER\DEBUG\LOCALTOOL.OBJ
E:\研二\已改程序\SPHERECUT-PRINTF\CLUSTER\DEBUG\MAIN.OBJ
E:\研二\已改程序\SPHERECUT-PRINTF\CLUSTER\DEBUG\NELBFGS.OBJ
E:\研二\已改程序\SPHERECUT-PRINTF\CLUSTER\DEBUG\PE_TOOL.OBJ
E:\研二\已改程序\SPHERECUT-PRINTF\CLUSTER\DEBUG\TOOL.OBJ
E:\研二\已改程序\SPHERECUT-PRINTF\CLUSTER\DEBUG\VC100.PDB
E:\研二\已改程序\SPHERECUT-PRINTF\DEBUG\CLUSTER.EXE
E:\研二\已改程序\SPHERECUT-PRINTF\DEBUG\CLUSTER.ILK
E:\研二\已改程序\SPHERECUT-PRINTF\DEBUG\CLUSTER.PDB
E:\研二\已改程序\已改CLUSTER2\CLUSTER\DEBUG\BASINHOPPING.OBJ
E:\研二\已改程序\已改CLUSTER2\CLUSTER\DEBUG\BH_MANAGE.OBJ
E:\研二\已改程序\已改CLUSTER2\CLUSTER\DEBUG\CLUSTER.EXE.INTERMEDIATE.MANIFEST
E:\研二\已改程序\已改CLUSTER2\CLUSTER\DEBUG\LIST.OBJ
E:\研二\已改程序\已改CLUSTER2\CLUSTER\DEBUG\LOCALTOOL.OBJ
E:\研二\已改程序\已改CLUSTER2\CLUSTER\DEBUG\MAIN.OBJ
E:\研二\已改程序\已改CLUSTER2\CLUSTER\DEBUG\NELBFGS.OBJ
E:\研二\已改程序\已改CLUSTER2\CLUSTER\DEBUG\PE_TOOL.OBJ
E:\研二\已改程序\已改CLUSTER2\CLUSTER\DEBUG\TOOL.OBJ
E:\研二\已改程序\已改CLUSTER2\CLUSTER\DEBUG\VC100.PDB
E:\研二\已改程序\已改CLUSTER2\DEBUG\CLUSTER.EXE
E:\研二\已改程序\已改CLUSTER2\DEBUG\CLUSTER.ILK
E:\研二\已改程序\已改CLUSTER2\DEBUG\CLUSTER.PDB
E:\研二\已改程序\已改CLUSTER3\CLUSTER\DEBUG\BASINHOPPING.OBJ
E:\研二\已改程序\已改CLUSTER3\CLUSTER\DEBUG\BH_MANAGE.OBJ
E:\研二\已改程序\已改CLUSTER3\CLUSTER\DEBUG\CLUSTER.EXE.INTERMEDIATE.MANIFEST
E:\研二\已改程序\已改CLUSTER3\CLUSTER\DEBUG\LIST.OBJ
E:\研二\已改程序\已改CLUSTER3\CLUSTER\DEBUG\LOCALTOOL.OBJ
E:\研二\已改程序\已改CLUSTER3\CLUSTER\DEBUG\MAIN.OBJ
E:\研二\已改程序\已改CLUSTER3\CLUSTER\DEBUG\NELBFGS.OBJ
E:\研二\已改程序\已改CLUSTER3\CLUSTER\DEBUG\PE_TOOL.OBJ
E:\研二\已改程序\已改CLUSTER3\CLUSTER\DEBUG\TOOL.OBJ
E:\研二\已改程序\已改CLUSTER3\CLUSTER\DEBUG\VC100.PDB
E:\研二\已改程序\已改CLUSTER3\DEBUG\CLUSTER.EXE
E:\研二\已改程序\已改CLUSTER3\DEBUG\CLUSTER.ILK
E:\研二\已改程序\已改CLUSTER3\DEBUG\CLUSTER.PDB
